C51 COMPILER V8.02   MAIN                                                                  08/29/2014 17:17:47 PAGE 1   


C51 COMPILER V8.02, COMPILATION OF MODULE MAIN
OBJECT MODULE PLACED IN main.OBJ
COMPILER INVOKED BY: C:\Keil\C51\BIN\C51.EXE main.c BROWSE DEBUG OBJECTEXTEND

line level    source

   1          /*
   2                  main.c
   3                  简单的定时
   4          */
   5          
   6          
   7          #include <reg51.h>      //包含8051的SFR寄存器定义头文件
   8          #include <ABSACC.H>
   9          sbit LED=P0^0;
  10          sbit LED1=P0^2;
  11          sbit LED2=P0^4;
  12          sbit LED3=P0^6;
  13          
  14          
  15          /*
  16          函数：Delay()
  17          功能：延时0.001 S～65.536 S
  18          参数：t>0时，延时(t*0.001) S；    t=0时，延时65.536S
  19          说明：晶振频率18MHz，定时1ms的定时器初值＝65536-0.001*(f/12))，f为晶振频率
  20          */
  21          
  22          void Delay(unsigned int t)
  23          {
  24   1              do
  25   1              {
  26   2                      TH0 = 0xFA;
  27   2                      TL0 = 0x24;             //设置定时器初值（对应0.001s）
  28   2                      TR0 = 1;                //启动定时器
  29   2                      while ( !TF0 ); //等待定时器溢出
  30   2                      TR0 = 0;                //停止定时器
  31   2                      TF0 = 0;                //清除溢出标志
  32   2              } while ( --t != 0 );   //循环t次
  33   1      }
  34          
  35          
  36          void main()
  37          {
  38   1              TMOD &= 0x0F;
  39   1              TMOD |= 0x01;   //将定时器T0设置为方式1，即16位定时器
  40   1              for (;;)
  41   1              {
  42   2                      LED=0;  //点亮LED
  43   2                      LED1=0; //点亮LED
  44   2                      LED2=0; //点亮LED
  45   2                      LED3=0; //点亮LED
  46   2                      Delay(100);     //延时100ms
  47   2                      LED=1;  //熄灭LED
  48   2                      LED1=1; //点亮LED
  49   2                      LED2=1; //点亮LED
  50   2                      LED3=1; //点亮LED
  51   2                      Delay(900);     //延时900ms
  52   2              }
  53   1      }
  54          

C51 COMPILER V8.02   MAIN                                                                  08/29/2014 17:17:47 PAGE 2   


MODULE INFORMATION:   STATIC OVERLAYABLE
   CODE SIZE        =     63    ----
   CONSTANT SIZE    =   ----    ----
   XDATA SIZE       =   ----    ----
   PDATA SIZE       =   ----    ----
   DATA SIZE        =   ----    ----
   IDATA SIZE       =   ----    ----
   BIT SIZE         =   ----    ----
END OF MODULE INFORMATION.


C51 COMPILATION COMPLETE.  0 WARNING(S),  0 ERROR(S)
